2016-05-24 10:15:39,281 INFO  crawl.InjectorJob - InjectorJob: starting at 2016-05-24 10:15:39
2016-05-24 10:15:39,281 INFO  crawl.InjectorJob - InjectorJob: Injecting urlDir: /home/qyb/apache-nutch-2.3/urls/seed.txt
2016-05-24 10:15:40,472 INFO  crawl.InjectorJob - InjectorJob: Using class org.apache.gora.hbase.store.HBaseStore as the Gora storage class.
2016-05-24 10:15:40,499 WARN  util.NativeCodeLoader - Unable to load native-hadoop library for your platform... using builtin-java classes where applicable
2016-05-24 10:15:40,504 WARN  mapred.JobClient - No job jar file set.  User classes may not be found. See JobConf(Class) or JobConf#setJar(String).
2016-05-24 10:15:40,516 WARN  snappy.LoadSnappy - Snappy native library not loaded
2016-05-24 10:15:40,999 INFO  regex.RegexURLNormalizer - can't find rules for scope 'inject', using default
2016-05-24 10:15:41,061 WARN  mapred.FileOutputCommitter - Output path is null in cleanup
2016-05-24 10:15:41,763 INFO  crawl.InjectorJob - InjectorJob: total number of urls rejected by filters: 0
2016-05-24 10:15:41,763 INFO  crawl.InjectorJob - InjectorJob: total number of urls injected after normalization and filtering: 1
2016-05-24 10:15:41,765 INFO  crawl.InjectorJob - Injector: finished at 2016-05-24 10:15:41, elapsed: 00:00:02
2016-05-24 10:15:55,310 INFO  crawl.GeneratorJob - GeneratorJob: starting at 2016-05-24 10:15:55
2016-05-24 10:15:55,310 INFO  crawl.GeneratorJob - GeneratorJob: Selecting best-scoring urls due for fetch.
2016-05-24 10:15:55,310 INFO  crawl.GeneratorJob - GeneratorJob: starting
2016-05-24 10:15:55,310 INFO  crawl.GeneratorJob - GeneratorJob: filtering: true
2016-05-24 10:15:55,310 INFO  crawl.GeneratorJob - GeneratorJob: normalizing: true
2016-05-24 10:15:55,310 INFO  crawl.GeneratorJob - GeneratorJob: topN: 8
2016-05-24 10:15:55,599 INFO  crawl.FetchScheduleFactory - Using FetchSchedule impl: org.apache.nutch.crawl.DefaultFetchSchedule
2016-05-24 10:15:55,599 INFO  crawl.AbstractFetchSchedule - defaultInterval=2592000
2016-05-24 10:15:55,600 INFO  crawl.AbstractFetchSchedule - maxInterval=7776000
2016-05-24 10:15:56,625 WARN  util.NativeCodeLoader - Unable to load native-hadoop library for your platform... using builtin-java classes where applicable
2016-05-24 10:15:56,630 WARN  mapred.JobClient - No job jar file set.  User classes may not be found. See JobConf(Class) or JobConf#setJar(String).
2016-05-24 10:15:57,424 INFO  crawl.FetchScheduleFactory - Using FetchSchedule impl: org.apache.nutch.crawl.DefaultFetchSchedule
2016-05-24 10:15:57,424 INFO  crawl.AbstractFetchSchedule - defaultInterval=2592000
2016-05-24 10:15:57,424 INFO  crawl.AbstractFetchSchedule - maxInterval=7776000
2016-05-24 10:15:57,462 INFO  regex.RegexURLNormalizer - can't find rules for scope 'generate_host_count', using default
2016-05-24 10:15:57,598 WARN  mapred.FileOutputCommitter - Output path is null in cleanup
2016-05-24 10:15:58,048 INFO  crawl.GeneratorJob - GeneratorJob: finished at 2016-05-24 10:15:58, time elapsed: 00:00:02
2016-05-24 10:15:58,048 INFO  crawl.GeneratorJob - GeneratorJob: generated batch id: 1464056155-1432358639 containing 1 URLs
2016-05-24 10:16:01,555 INFO  fetcher.FetcherJob - FetcherJob: starting at 2016-05-24 10:16:01
2016-05-24 10:16:01,555 INFO  fetcher.FetcherJob - FetcherJob: fetching all
2016-05-24 10:16:01,557 INFO  fetcher.FetcherJob - FetcherJob: threads: 8
2016-05-24 10:16:01,557 INFO  fetcher.FetcherJob - FetcherJob: parsing: false
2016-05-24 10:16:01,558 INFO  fetcher.FetcherJob - FetcherJob: resuming: false
2016-05-24 10:16:01,558 INFO  fetcher.FetcherJob - FetcherJob : timelimit set for : -1
2016-05-24 10:16:02,667 INFO  http.Http - http.proxy.host = null
2016-05-24 10:16:02,668 INFO  http.Http - http.proxy.port = 8080
2016-05-24 10:16:02,668 INFO  http.Http - http.timeout = 10000
2016-05-24 10:16:02,668 INFO  http.Http - http.content.limit = 65536
2016-05-24 10:16:02,668 INFO  http.Http - http.agent = My Nutch Spider/Nutch-2.3
2016-05-24 10:16:02,668 INFO  http.Http - http.accept.language = ja-jp, en-us, zh-cn,en-gb,en;q=0.7,*;q=0.3
2016-05-24 10:16:02,668 INFO  http.Http - http.accept = text/html,application/xhtml+xml,application/xml;q=0.9,*/*;q=0.8
2016-05-24 10:16:02,676 INFO  http.Http - http.proxy.host = null
2016-05-24 10:16:02,676 INFO  http.Http - http.proxy.port = 8080
2016-05-24 10:16:02,676 INFO  http.Http - http.timeout = 10000
2016-05-24 10:16:02,676 INFO  http.Http - http.content.limit = 65536
2016-05-24 10:16:02,676 INFO  http.Http - http.agent = My Nutch Spider/Nutch-2.3
2016-05-24 10:16:02,676 INFO  http.Http - http.accept.language = ja-jp, en-us, zh-cn,en-gb,en;q=0.7,*;q=0.3
2016-05-24 10:16:02,676 INFO  http.Http - http.accept = text/html,application/xhtml+xml,application/xml;q=0.9,*/*;q=0.8
2016-05-24 10:16:03,582 WARN  util.NativeCodeLoader - Unable to load native-hadoop library for your platform... using builtin-java classes where applicable
2016-05-24 10:16:03,586 WARN  mapred.JobClient - No job jar file set.  User classes may not be found. See JobConf(Class) or JobConf#setJar(String).
2016-05-24 10:16:04,245 INFO  fetcher.FetcherJob - Using queue mode : byHost
2016-05-24 10:16:04,245 INFO  fetcher.FetcherJob - Fetcher: threads: 8
2016-05-24 10:16:04,254 INFO  fetcher.FetcherJob - QueueFeeder finished: total 1 records. Hit by time limit :0
2016-05-24 10:16:04,259 INFO  fetcher.FetcherJob - fetching https://detail.tmall.com/item.htm?id=531115135635&tracelog=jubuybigpic (queue crawl delay=5000ms)
2016-05-24 10:16:04,259 INFO  fetcher.FetcherJob - -finishing thread FetcherThread1, activeThreads=1
2016-05-24 10:16:04,260 INFO  fetcher.FetcherJob - -finishing thread FetcherThread3, activeThreads=1
2016-05-24 10:16:04,260 INFO  fetcher.FetcherJob - -finishing thread FetcherThread2, activeThreads=1
2016-05-24 10:16:04,260 INFO  fetcher.FetcherJob - -finishing thread FetcherThread4, activeThreads=1
2016-05-24 10:16:04,260 INFO  fetcher.FetcherJob - -finishing thread FetcherThread5, activeThreads=1
2016-05-24 10:16:04,261 INFO  fetcher.FetcherJob - Fetcher: throughput threshold: -1
2016-05-24 10:16:04,261 INFO  fetcher.FetcherJob - Fetcher: throughput threshold sequence: 5
2016-05-24 10:16:04,261 INFO  fetcher.FetcherJob - -finishing thread FetcherThread6, activeThreads=1
2016-05-24 10:16:04,261 INFO  fetcher.FetcherJob - -finishing thread FetcherThread7, activeThreads=1
2016-05-24 10:16:04,266 INFO  http.Http - http.proxy.host = null
2016-05-24 10:16:04,266 INFO  http.Http - http.proxy.port = 8080
2016-05-24 10:16:04,266 INFO  http.Http - http.timeout = 10000
2016-05-24 10:16:04,266 INFO  http.Http - http.content.limit = 65536
2016-05-24 10:16:04,266 INFO  http.Http - http.agent = My Nutch Spider/Nutch-2.3
2016-05-24 10:16:04,266 INFO  http.Http - http.accept.language = ja-jp, en-us, zh-cn,en-gb,en;q=0.7,*;q=0.3
2016-05-24 10:16:04,266 INFO  http.Http - http.accept = text/html,application/xhtml+xml,application/xml;q=0.9,*/*;q=0.8
2016-05-24 10:16:05,223 INFO  regex.RegexURLNormalizer - can't find rules for scope 'fetcher', using default
2016-05-24 10:16:05,244 INFO  fetcher.FetcherJob - -finishing thread FetcherThread0, activeThreads=0
2016-05-24 10:16:09,261 INFO  fetcher.FetcherJob - 0/0 spinwaiting/active, 1 pages, 0 errors, 0.2 0 pages/s, 0 0 kb/s, 0 URLs in 0 queues
2016-05-24 10:16:09,262 INFO  fetcher.FetcherJob - -activeThreads=0
2016-05-24 10:16:09,275 WARN  mapred.FileOutputCommitter - Output path is null in cleanup
2016-05-24 10:16:09,871 INFO  fetcher.FetcherJob - FetcherJob: finished at 2016-05-24 10:16:09, time elapsed: 00:00:08
2016-05-24 10:23:01,903 INFO  crawl.GeneratorJob - GeneratorJob: starting at 2016-05-24 10:23:01
2016-05-24 10:23:01,903 INFO  crawl.GeneratorJob - GeneratorJob: Selecting best-scoring urls due for fetch.
2016-05-24 10:23:01,903 INFO  crawl.GeneratorJob - GeneratorJob: starting
2016-05-24 10:23:01,903 INFO  crawl.GeneratorJob - GeneratorJob: filtering: true
2016-05-24 10:23:01,903 INFO  crawl.GeneratorJob - GeneratorJob: normalizing: true
2016-05-24 10:23:01,903 INFO  crawl.GeneratorJob - GeneratorJob: topN: 8
2016-05-24 10:23:02,163 INFO  crawl.FetchScheduleFactory - Using FetchSchedule impl: org.apache.nutch.crawl.DefaultFetchSchedule
2016-05-24 10:23:02,164 INFO  crawl.AbstractFetchSchedule - defaultInterval=2592000
2016-05-24 10:23:02,164 INFO  crawl.AbstractFetchSchedule - maxInterval=7776000
2016-05-24 10:25:10,056 INFO  crawl.InjectorJob - InjectorJob: starting at 2016-05-24 10:25:10
2016-05-24 10:25:10,056 INFO  crawl.InjectorJob - InjectorJob: Injecting urlDir: /home/qyb/apache-nutch-2.3/urls/seed.txt
2016-05-24 10:25:12,267 INFO  crawl.InjectorJob - InjectorJob: Using class org.apache.gora.hbase.store.HBaseStore as the Gora storage class.
2016-05-24 10:25:12,303 WARN  util.NativeCodeLoader - Unable to load native-hadoop library for your platform... using builtin-java classes where applicable
2016-05-24 10:25:12,311 WARN  mapred.JobClient - No job jar file set.  User classes may not be found. See JobConf(Class) or JobConf#setJar(String).
2016-05-24 10:25:12,330 WARN  snappy.LoadSnappy - Snappy native library not loaded
2016-05-24 10:25:12,825 INFO  regex.RegexURLNormalizer - can't find rules for scope 'inject', using default
2016-05-24 10:25:12,887 WARN  mapred.FileOutputCommitter - Output path is null in cleanup
2016-05-24 10:25:13,608 INFO  crawl.InjectorJob - InjectorJob: total number of urls rejected by filters: 0
2016-05-24 10:25:13,609 INFO  crawl.InjectorJob - InjectorJob: total number of urls injected after normalization and filtering: 1
2016-05-24 10:25:13,611 INFO  crawl.InjectorJob - Injector: finished at 2016-05-24 10:25:13, elapsed: 00:00:03
2016-05-24 10:36:55,192 INFO  crawl.InjectorJob - InjectorJob: starting at 2016-05-24 10:36:55
2016-05-24 10:36:55,193 INFO  crawl.InjectorJob - InjectorJob: Injecting urlDir: /home/qyb/apache-nutch-2.3/urls/seed.txt
2016-05-24 10:36:57,488 INFO  crawl.InjectorJob - InjectorJob: Using class org.apache.gora.hbase.store.HBaseStore as the Gora storage class.
2016-05-24 10:36:57,529 WARN  util.NativeCodeLoader - Unable to load native-hadoop library for your platform... using builtin-java classes where applicable
2016-05-24 10:36:57,537 WARN  mapred.JobClient - No job jar file set.  User classes may not be found. See JobConf(Class) or JobConf#setJar(String).
2016-05-24 10:36:57,556 WARN  snappy.LoadSnappy - Snappy native library not loaded
2016-05-24 10:36:58,078 INFO  regex.RegexURLNormalizer - can't find rules for scope 'inject', using default
2016-05-24 10:36:58,138 WARN  mapred.FileOutputCommitter - Output path is null in cleanup
2016-05-24 10:36:58,831 INFO  crawl.InjectorJob - InjectorJob: total number of urls rejected by filters: 0
2016-05-24 10:36:58,831 INFO  crawl.InjectorJob - InjectorJob: total number of urls injected after normalization and filtering: 1
2016-05-24 10:36:58,833 INFO  crawl.InjectorJob - Injector: finished at 2016-05-24 10:36:58, elapsed: 00:00:03
2016-05-24 10:43:17,521 INFO  fetcher.FetcherJob - FetcherJob: starting at 2016-05-24 10:43:17
2016-05-24 10:43:17,522 INFO  fetcher.FetcherJob - FetcherJob: fetching all
2016-05-24 10:43:17,523 INFO  fetcher.FetcherJob - FetcherJob: threads: 8
2016-05-24 10:43:17,523 INFO  fetcher.FetcherJob - FetcherJob: parsing: false
2016-05-24 10:43:17,523 INFO  fetcher.FetcherJob - FetcherJob: resuming: false
2016-05-24 10:43:17,524 INFO  fetcher.FetcherJob - FetcherJob : timelimit set for : -1
2016-05-24 10:43:18,532 INFO  http.Http - http.proxy.host = null
2016-05-24 10:43:18,532 INFO  http.Http - http.proxy.port = 8080
2016-05-24 10:43:18,532 INFO  http.Http - http.timeout = 10000
2016-05-24 10:43:18,532 INFO  http.Http - http.content.limit = 65536
2016-05-24 10:43:18,532 INFO  http.Http - http.agent = My Nutch Spider/Nutch-2.3
2016-05-24 10:43:18,533 INFO  http.Http - http.accept.language = ja-jp, en-us, zh-cn,en-gb,en;q=0.7,*;q=0.3
2016-05-24 10:43:18,533 INFO  http.Http - http.accept = text/html,application/xhtml+xml,application/xml;q=0.9,*/*;q=0.8
2016-05-24 10:43:18,539 INFO  http.Http - http.proxy.host = null
2016-05-24 10:43:18,539 INFO  http.Http - http.proxy.port = 8080
2016-05-24 10:43:18,539 INFO  http.Http - http.timeout = 10000
2016-05-24 10:43:18,539 INFO  http.Http - http.content.limit = 65536
2016-05-24 10:43:18,539 INFO  http.Http - http.agent = My Nutch Spider/Nutch-2.3
2016-05-24 10:43:18,539 INFO  http.Http - http.accept.language = ja-jp, en-us, zh-cn,en-gb,en;q=0.7,*;q=0.3
2016-05-24 10:43:18,539 INFO  http.Http - http.accept = text/html,application/xhtml+xml,application/xml;q=0.9,*/*;q=0.8
2016-05-24 10:43:19,423 WARN  util.NativeCodeLoader - Unable to load native-hadoop library for your platform... using builtin-java classes where applicable
2016-05-24 10:43:19,429 WARN  mapred.JobClient - No job jar file set.  User classes may not be found. See JobConf(Class) or JobConf#setJar(String).
2016-05-24 10:43:20,466 INFO  fetcher.FetcherJob - Using queue mode : byHost
2016-05-24 10:43:20,466 INFO  fetcher.FetcherJob - Fetcher: threads: 8
2016-05-24 10:43:20,467 INFO  fetcher.FetcherJob - QueueFeeder finished: total 0 records. Hit by time limit :0
2016-05-24 10:43:20,494 INFO  fetcher.FetcherJob - -finishing thread FetcherThread0, activeThreads=0
2016-05-24 10:43:20,495 INFO  fetcher.FetcherJob - -finishing thread FetcherThread2, activeThreads=0
2016-05-24 10:43:20,495 INFO  fetcher.FetcherJob - -finishing thread FetcherThread1, activeThreads=0
2016-05-24 10:43:20,496 INFO  fetcher.FetcherJob - -finishing thread FetcherThread3, activeThreads=0
2016-05-24 10:43:20,495 INFO  fetcher.FetcherJob - -finishing thread FetcherThread4, activeThreads=0
2016-05-24 10:43:20,498 INFO  fetcher.FetcherJob - -finishing thread FetcherThread6, activeThreads=0
2016-05-24 10:43:20,498 INFO  fetcher.FetcherJob - Fetcher: throughput threshold: -1
2016-05-24 10:43:20,498 INFO  fetcher.FetcherJob - Fetcher: throughput threshold sequence: 5
2016-05-24 10:43:20,500 INFO  fetcher.FetcherJob - -finishing thread FetcherThread5, activeThreads=0
2016-05-24 10:43:20,500 INFO  fetcher.FetcherJob - -finishing thread FetcherThread7, activeThreads=0
2016-05-24 10:43:25,499 INFO  fetcher.FetcherJob - 0/0 spinwaiting/active, 0 pages, 0 errors, 0.0 0 pages/s, 0 0 kb/s, 0 URLs in 0 queues
2016-05-24 10:43:25,499 INFO  fetcher.FetcherJob - -activeThreads=0
2016-05-24 10:43:25,503 WARN  mapred.FileOutputCommitter - Output path is null in cleanup
2016-05-24 10:43:25,807 INFO  fetcher.FetcherJob - FetcherJob: finished at 2016-05-24 10:43:25, time elapsed: 00:00:08
2016-05-24 11:00:05,921 INFO  crawl.InjectorJob - InjectorJob: starting at 2016-05-24 11:00:05
2016-05-24 11:00:05,922 INFO  crawl.InjectorJob - InjectorJob: Injecting urlDir: /home/qyb/apache-nutch-2.3/urls/seed.txt
2016-05-24 11:00:06,933 INFO  crawl.InjectorJob - InjectorJob: Using class org.apache.gora.hbase.store.HBaseStore as the Gora storage class.
2016-05-24 11:00:06,961 WARN  util.NativeCodeLoader - Unable to load native-hadoop library for your platform... using builtin-java classes where applicable
2016-05-24 11:00:06,966 WARN  mapred.JobClient - No job jar file set.  User classes may not be found. See JobConf(Class) or JobConf#setJar(String).
2016-05-24 11:00:06,979 WARN  snappy.LoadSnappy - Snappy native library not loaded
2016-05-24 11:00:07,546 INFO  regex.RegexURLNormalizer - can't find rules for scope 'inject', using default
2016-05-24 11:00:07,604 WARN  mapred.FileOutputCommitter - Output path is null in cleanup
2016-05-24 11:00:08,231 INFO  crawl.InjectorJob - InjectorJob: total number of urls rejected by filters: 0
2016-05-24 11:00:08,231 INFO  crawl.InjectorJob - InjectorJob: total number of urls injected after normalization and filtering: 1
2016-05-24 11:00:08,233 INFO  crawl.InjectorJob - Injector: finished at 2016-05-24 11:00:08, elapsed: 00:00:02
